<?xml version="1.0" encoding="UTF-8"?><testrun name="src" project="VendingMachine2" tests="54" started="54" failures="0" errors="2" ignored="0">
  <testsuite name="edu.towson.cis.cosc442.project3.vendingmachine.TestAll" incomplete="true">
    <testsuite name="edu.towson.cis.cosc442.project3.vendingmachine.VendingMachineTest" incomplete="true">
      <testcase name="testInsertMoney_1" classname="edu.towson.cis.cosc442.project3.vendingmachine.VendingMachineTest" incomplete="true"/>
      <testcase name="testInsertMoney_2" classname="edu.towson.cis.cosc442.project3.vendingmachine.VendingMachineTest" incomplete="true"/>
      <testcase name="testMakePurchase_1" classname="edu.towson.cis.cosc442.project3.vendingmachine.VendingMachineTest" incomplete="true"/>
      <testcase name="testMakePurchase_2" classname="edu.towson.cis.cosc442.project3.vendingmachine.VendingMachineTest" incomplete="true"/>
      <testcase name="testMakePurchase_3" classname="edu.towson.cis.cosc442.project3.vendingmachine.VendingMachineTest" incomplete="true"/>
      <testcase name="testMakePurchase_4" classname="edu.towson.cis.cosc442.project3.vendingmachine.VendingMachineTest" incomplete="true"/>
      <testcase name="testMakePurchase_5" classname="edu.towson.cis.cosc442.project3.vendingmachine.VendingMachineTest" incomplete="true"/>
      <testcase name="testReturnChange_1" classname="edu.towson.cis.cosc442.project3.vendingmachine.VendingMachineTest" incomplete="true"/>
      <testcase name="testAddOccItem" classname="edu.towson.cis.cosc442.project3.vendingmachine.VendingMachineTest" incomplete="true"/>
      <testcase name="testVendingMachine_1" classname="edu.towson.cis.cosc442.project3.vendingmachine.VendingMachineTest" incomplete="true"/>
      <testcase name="testVendingMachine_2" classname="edu.towson.cis.cosc442.project3.vendingmachine.VendingMachineTest" incomplete="true"/>
      <testcase name="testRemoveItem_1" classname="edu.towson.cis.cosc442.project3.vendingmachine.VendingMachineTest" incomplete="true"/>
      <testcase name="testRemoveItem_2" classname="edu.towson.cis.cosc442.project3.vendingmachine.VendingMachineTest" incomplete="true"/>
      <testcase name="testRemoveItem_3" classname="edu.towson.cis.cosc442.project3.vendingmachine.VendingMachineTest" incomplete="true"/>
      <testcase name="testRemoveItem_4" classname="edu.towson.cis.cosc442.project3.vendingmachine.VendingMachineTest" incomplete="true"/>
      <testcase name="testAddItem_1" classname="edu.towson.cis.cosc442.project3.vendingmachine.VendingMachineTest" incomplete="true"/>
      <testcase name="testAddItem_2" classname="edu.towson.cis.cosc442.project3.vendingmachine.VendingMachineTest" incomplete="true"/>
      <testcase name="testAddItem_3" classname="edu.towson.cis.cosc442.project3.vendingmachine.VendingMachineTest" incomplete="true"/>
      <testcase name="testGetItem_1" classname="edu.towson.cis.cosc442.project3.vendingmachine.VendingMachineTest" incomplete="true"/>
      <testcase name="testGetItem_2" classname="edu.towson.cis.cosc442.project3.vendingmachine.VendingMachineTest" incomplete="true"/>
      <testcase name="testGetBalance_1" classname="edu.towson.cis.cosc442.project3.vendingmachine.VendingMachineTest" incomplete="true"/>
    </testsuite>
    <testsuite name="edu.towson.cis.cosc442.project3.vendingmachine.VendingMachineItemTest" incomplete="true">
      <testcase name="testVendingMachineItem_1" classname="edu.towson.cis.cosc442.project3.vendingmachine.VendingMachineItemTest" incomplete="true"/>
      <testcase name="testVendingMachineItem_2" classname="edu.towson.cis.cosc442.project3.vendingmachine.VendingMachineItemTest" incomplete="true"/>
      <testcase name="testGetPrice_1" classname="edu.towson.cis.cosc442.project3.vendingmachine.VendingMachineItemTest" incomplete="true"/>
      <testcase name="testGetName_1" classname="edu.towson.cis.cosc442.project3.vendingmachine.VendingMachineItemTest" incomplete="true"/>
    </testsuite>
    <testsuite name="edu.towson.cis.cosc442.project3.vendingmachine.VendingMachineExceptionTest" incomplete="true">
      <testcase name="testVendingMachineException_1" classname="edu.towson.cis.cosc442.project3.vendingmachine.VendingMachineExceptionTest" incomplete="true"/>
      <testcase name="testVendingMachineException_2" classname="edu.towson.cis.cosc442.project3.vendingmachine.VendingMachineExceptionTest" incomplete="true"/>
    </testsuite>
  </testsuite>
  <testsuite name="edu.towson.cis.cosc442.project3.vendingmachine.VendingMachineItemTest" time="0.0">
    <testcase name="testVendingMachineItem_1" classname="edu.towson.cis.cosc442.project3.vendingmachine.VendingMachineItemTest" time="0.0"/>
    <testcase name="testVendingMachineItem_2" classname="edu.towson.cis.cosc442.project3.vendingmachine.VendingMachineItemTest" time="0.0"/>
    <testcase name="testGetPrice_1" classname="edu.towson.cis.cosc442.project3.vendingmachine.VendingMachineItemTest" time="0.0"/>
    <testcase name="testGetName_1" classname="edu.towson.cis.cosc442.project3.vendingmachine.VendingMachineItemTest" time="0.0"/>
  </testsuite>
  <testsuite name="edu.towson.cis.cosc442.project3.vendingmachine.VendingMachineTest" time="0.001">
    <testcase name="testInsertMoney_1" classname="edu.towson.cis.cosc442.project3.vendingmachine.VendingMachineTest" time="0.0"/>
    <testcase name="testInsertMoney_2" classname="edu.towson.cis.cosc442.project3.vendingmachine.VendingMachineTest" time="0.0"/>
    <testcase name="testMakePurchase_1" classname="edu.towson.cis.cosc442.project3.vendingmachine.VendingMachineTest" time="0.0"/>
    <testcase name="testMakePurchase_2" classname="edu.towson.cis.cosc442.project3.vendingmachine.VendingMachineTest" time="0.0"/>
    <testcase name="testMakePurchase_3" classname="edu.towson.cis.cosc442.project3.vendingmachine.VendingMachineTest" time="0.0"/>
    <testcase name="testMakePurchase_4" classname="edu.towson.cis.cosc442.project3.vendingmachine.VendingMachineTest" time="0.0"/>
    <testcase name="testMakePurchase_5" classname="edu.towson.cis.cosc442.project3.vendingmachine.VendingMachineTest" time="0.0"/>
    <testcase name="testReturnChange_1" classname="edu.towson.cis.cosc442.project3.vendingmachine.VendingMachineTest" time="0.0"/>
    <testcase name="testAddOccItem" classname="edu.towson.cis.cosc442.project3.vendingmachine.VendingMachineTest" time="0.0">
      <error>edu.towson.cis.cosc442.project3.vendingmachine.VendingMachineException: Slot D already occupied
	at edu.towson.cis.cosc442.project3.vendingmachine.VendingMachine.addItem(VendingMachine.java:105)
	at edu.towson.cis.cosc442.project3.vendingmachine.VendingMachineTest.testAddOccItem(VendingMachineTest.java:80)
	at sun.reflect.NativeMethodAccessorImpl.invoke0(Native Method)
	at sun.reflect.NativeMethodAccessorImpl.invoke(NativeMethodAccessorImpl.java:62)
	at sun.reflect.DelegatingMethodAccessorImpl.invoke(DelegatingMethodAccessorImpl.java:43)
	at java.lang.reflect.Method.invoke(Method.java:498)
	at org.junit.runners.model.FrameworkMethod$1.runReflectiveCall(FrameworkMethod.java:50)
	at org.junit.internal.runners.model.ReflectiveCallable.run(ReflectiveCallable.java:12)
	at org.junit.runners.model.FrameworkMethod.invokeExplosively(FrameworkMethod.java:47)
	at org.junit.internal.runners.statements.InvokeMethod.evaluate(InvokeMethod.java:17)
	at org.junit.internal.runners.statements.RunBefores.evaluate(RunBefores.java:26)
	at org.junit.internal.runners.statements.RunAfters.evaluate(RunAfters.java:27)
	at org.junit.runners.ParentRunner.runLeaf(ParentRunner.java:325)
	at org.junit.runners.BlockJUnit4ClassRunner.runChild(BlockJUnit4ClassRunner.java:78)
	at org.junit.runners.BlockJUnit4ClassRunner.runChild(BlockJUnit4ClassRunner.java:57)
	at org.junit.runners.ParentRunner$3.run(ParentRunner.java:290)
	at org.junit.runners.ParentRunner$1.schedule(ParentRunner.java:71)
	at org.junit.runners.ParentRunner.runChildren(ParentRunner.java:288)
	at org.junit.runners.ParentRunner.access$000(ParentRunner.java:58)
	at org.junit.runners.ParentRunner$2.evaluate(ParentRunner.java:268)
	at org.junit.runners.ParentRunner.run(ParentRunner.java:363)
	at org.junit.runners.Suite.runChild(Suite.java:128)
	at org.junit.runners.Suite.runChild(Suite.java:27)
	at org.junit.runners.ParentRunner$3.run(ParentRunner.java:290)
	at org.junit.runners.ParentRunner$1.schedule(ParentRunner.java:71)
	at org.junit.runners.ParentRunner.runChildren(ParentRunner.java:288)
	at org.junit.runners.ParentRunner.access$000(ParentRunner.java:58)
	at org.junit.runners.ParentRunner$2.evaluate(ParentRunner.java:268)
	at org.junit.runners.ParentRunner.run(ParentRunner.java:363)
	at org.eclipse.jdt.internal.junit4.runner.JUnit4TestReference.run(JUnit4TestReference.java:86)
	at org.eclipse.jdt.internal.junit.runner.TestExecution.run(TestExecution.java:38)
	at org.eclipse.jdt.internal.junit.runner.RemoteTestRunner.runTests(RemoteTestRunner.java:459)
	at org.eclipse.jdt.internal.junit.runner.RemoteTestRunner.runTests(RemoteTestRunner.java:678)
	at org.eclipse.jdt.internal.junit.runner.RemoteTestRunner.run(RemoteTestRunner.java:382)
	at org.eclipse.jdt.internal.junit.runner.RemoteTestRunner.main(RemoteTestRunner.java:192)

edu.towson.cis.cosc442.project3.vendingmachine.VendingMachineException: Slot D already occupied
	at edu.towson.cis.cosc442.project3.vendingmachine.VendingMachine.addItem(VendingMachine.java:105)
	at edu.towson.cis.cosc442.project3.vendingmachine.VendingMachineTest.testAddOccItem(VendingMachineTest.java:80)
	at sun.reflect.NativeMethodAccessorImpl.invoke0(Native Method)
	at sun.reflect.NativeMethodAccessorImpl.invoke(NativeMethodAccessorImpl.java:62)
	at sun.reflect.DelegatingMethodAccessorImpl.invoke(DelegatingMethodAccessorImpl.java:43)
	at java.lang.reflect.Method.invoke(Method.java:498)
	at org.junit.runners.model.FrameworkMethod$1.runReflectiveCall(FrameworkMethod.java:50)
	at org.junit.internal.runners.model.ReflectiveCallable.run(ReflectiveCallable.java:12)
	at org.junit.runners.model.FrameworkMethod.invokeExplosively(FrameworkMethod.java:47)
	at org.junit.internal.runners.statements.InvokeMethod.evaluate(InvokeMethod.java:17)
	at org.junit.internal.runners.statements.RunBefores.evaluate(RunBefores.java:26)
	at org.junit.internal.runners.statements.RunAfters.evaluate(RunAfters.java:27)
	at org.junit.runners.ParentRunner.runLeaf(ParentRunner.java:325)
	at org.junit.runners.BlockJUnit4ClassRunner.runChild(BlockJUnit4ClassRunner.java:78)
	at org.junit.runners.BlockJUnit4ClassRunner.runChild(BlockJUnit4ClassRunner.java:57)
	at org.junit.runners.ParentRunner$3.run(ParentRunner.java:290)
	at org.junit.runners.ParentRunner$1.schedule(ParentRunner.java:71)
	at org.junit.runners.ParentRunner.runChildren(ParentRunner.java:288)
	at org.junit.runners.ParentRunner.access$000(ParentRunner.java:58)
	at org.junit.runners.ParentRunner$2.evaluate(ParentRunner.java:268)
	at org.junit.runners.ParentRunner.run(ParentRunner.java:363)
	at org.eclipse.jdt.internal.junit4.runner.JUnit4TestReference.run(JUnit4TestReference.java:86)
	at org.eclipse.jdt.internal.junit.runner.TestExecution.run(TestExecution.java:38)
	at org.eclipse.jdt.internal.junit.runner.RemoteTestRunner.runTests(RemoteTestRunner.java:459)
	at org.eclipse.jdt.internal.junit.runner.RemoteTestRunner.runTests(RemoteTestRunner.java:678)
	at org.eclipse.jdt.internal.junit.runner.RemoteTestRunner.run(RemoteTestRunner.java:382)
	at org.eclipse.jdt.internal.junit.runner.RemoteTestRunner.main(RemoteTestRunner.java:192)

</error>
    </testcase>
    <testcase name="testVendingMachine_1" classname="edu.towson.cis.cosc442.project3.vendingmachine.VendingMachineTest" time="0.0"/>
    <testcase name="testVendingMachine_2" classname="edu.towson.cis.cosc442.project3.vendingmachine.VendingMachineTest" time="0.0"/>
    <testcase name="testRemoveItem_1" classname="edu.towson.cis.cosc442.project3.vendingmachine.VendingMachineTest" time="0.0"/>
    <testcase name="testRemoveItem_2" classname="edu.towson.cis.cosc442.project3.vendingmachine.VendingMachineTest" time="0.0"/>
    <testcase name="testRemoveItem_3" classname="edu.towson.cis.cosc442.project3.vendingmachine.VendingMachineTest" time="0.0"/>
    <testcase name="testRemoveItem_4" classname="edu.towson.cis.cosc442.project3.vendingmachine.VendingMachineTest" time="0.0"/>
    <testcase name="testAddItem_1" classname="edu.towson.cis.cosc442.project3.vendingmachine.VendingMachineTest" time="0.0"/>
    <testcase name="testAddItem_2" classname="edu.towson.cis.cosc442.project3.vendingmachine.VendingMachineTest" time="0.0"/>
    <testcase name="testAddItem_3" classname="edu.towson.cis.cosc442.project3.vendingmachine.VendingMachineTest" time="0.0"/>
    <testcase name="testGetItem_1" classname="edu.towson.cis.cosc442.project3.vendingmachine.VendingMachineTest" time="0.0"/>
    <testcase name="testGetItem_2" classname="edu.towson.cis.cosc442.project3.vendingmachine.VendingMachineTest" time="0.0"/>
    <testcase name="testGetBalance_1" classname="edu.towson.cis.cosc442.project3.vendingmachine.VendingMachineTest" time="0.0"/>
  </testsuite>
  <testsuite name="edu.towson.cis.cosc442.project3.vendingmachine.VendingMachineExceptionTest" time="0.0">
    <testcase name="testVendingMachineException_1" classname="edu.towson.cis.cosc442.project3.vendingmachine.VendingMachineExceptionTest" time="0.0"/>
    <testcase name="testVendingMachineException_2" classname="edu.towson.cis.cosc442.project3.vendingmachine.VendingMachineExceptionTest" time="0.0"/>
  </testsuite>
</testrun>
